{
"contracts\\pool\\AimStaking.sol":{"l":{"108":219,"109":219,"110":219,"111":219,"120":11,"121":10,"122":10,"131":25,"132":24,"133":24,"142":25,"143":24,"144":24,"154":55,"155":54,"156":53,"157":53,"166":64,"167":63,"168":63,"177":2,"178":1,"179":1,"188":62,"189":61,"190":59,"191":59,"200":2,"201":1,"202":1,"212":107,"213":104,"214":101,"215":98,"216":98,"219":96,"222":96,"223":96,"224":96,"226":96,"239":96,"240":96,"242":96,"251":33,"252":33,"253":29,"254":27,"256":24,"258":24,"260":24,"261":9,"262":9,"263":7,"265":9,"269":24,"271":24,"280":37,"281":37,"282":33,"284":31,"286":31,"288":31,"289":11,"290":11,"291":9,"293":11,"297":31,"299":31,"308":12,"317":2,"327":24,"328":24,"330":24,"331":64,"332":37,"337":24,"338":24,"339":24,"340":64,"341":37,"342":37,"345":24},"path":"E:\\contract\\aimonica-core-evm\\contracts\\pool\\AimStaking.sol","s":{"1":219,"2":219,"3":219,"4":11,"5":10,"6":25,"7":24,"8":25,"9":24,"10":55,"11":54,"12":53,"13":64,"14":63,"15":2,"16":1,"17":62,"18":61,"19":59,"20":2,"21":1,"22":107,"23":104,"24":101,"25":98,"26":98,"27":96,"28":96,"29":96,"30":96,"31":96,"32":96,"33":96,"34":33,"35":33,"36":29,"37":27,"38":24,"39":24,"40":9,"41":9,"42":7,"43":24,"44":24,"45":37,"46":37,"47":33,"48":31,"49":31,"50":11,"51":11,"52":9,"53":31,"54":31,"55":12,"56":2,"57":24,"58":24,"59":24,"60":64,"61":24,"62":24,"63":24,"64":64,"65":24},"b":{"1":[219,1],"2":[11,1],"3":[10,1],"4":[25,1],"5":[24,1],"6":[25,1],"7":[24,1],"8":[55,1],"9":[54,1],"10":[53,1],"11":[64,2],"12":[63,1],"13":[2,1],"14":[1,1],"15":[62,1],"16":[61,1],"17":[59,2],"18":[2,1],"19":[1,1],"20":[107,0],"21":[104,3],"22":[101,3],"23":[98,3],"24":[96,2],"25":[33,0],"26":[29,4],"27":[27,2],"28":[24,3],"29":[9,15],"30":[7,2],"31":[37,0],"32":[33,4],"33":[31,2],"34":[11,20],"35":[9,2],"36":[37,27],"37":[37,27]},"f":{"1":219,"2":11,"3":25,"4":25,"5":55,"6":64,"7":2,"8":62,"9":2,"10":107,"11":33,"12":37,"13":12,"14":2,"15":24},"fnMap":{"1":{"name":"initialize","line":107,"loc":{"start":{"line":107,"column":4},"end":{"line":112,"column":4}}},"2":{"name":"setFeeWallet","line":119,"loc":{"start":{"line":119,"column":4},"end":{"line":123,"column":4}}},"3":{"name":"setUnstakeFeeRate","line":130,"loc":{"start":{"line":130,"column":4},"end":{"line":134,"column":4}}},"4":{"name":"setEmergencyUnstakeFeeRate","line":141,"loc":{"start":{"line":141,"column":4},"end":{"line":145,"column":4}}},"5":{"name":"setProjectStakingToken","line":153,"loc":{"start":{"line":153,"column":4},"end":{"line":158,"column":4}}},"6":{"name":"registerProject","line":165,"loc":{"start":{"line":165,"column":4},"end":{"line":169,"column":4}}},"7":{"name":"unregisterProject","line":176,"loc":{"start":{"line":176,"column":4},"end":{"line":180,"column":4}}},"8":{"name":"addDurationOption","line":187,"loc":{"start":{"line":187,"column":4},"end":{"line":192,"column":4}}},"9":{"name":"removeDurationOption","line":199,"loc":{"start":{"line":199,"column":4},"end":{"line":203,"column":4}}},"10":{"name":"stake","line":211,"loc":{"start":{"line":211,"column":4},"end":{"line":243,"column":4}}},"11":{"name":"unstake","line":250,"loc":{"start":{"line":250,"column":4},"end":{"line":272,"column":4}}},"12":{"name":"emergencyUnstake","line":279,"loc":{"start":{"line":279,"column":4},"end":{"line":300,"column":4}}},"13":{"name":"getUserStakes","line":307,"loc":{"start":{"line":307,"column":4},"end":{"line":309,"column":4}}},"14":{"name":"getProjectStakes","line":316,"loc":{"start":{"line":316,"column":4},"end":{"line":318,"column":4}}},"15":{"name":"getActiveUserStakes","line":326,"loc":{"start":{"line":326,"column":4},"end":{"line":346,"column":4}}}},"statementMap":{"1":{"start":{"line":108,"column":8},"end":{"line":108,"column":31}},"2":{"start":{"line":109,"column":8},"end":{"line":109,"column":44}},"3":{"start":{"line":110,"column":8},"end":{"line":110,"column":38}},"4":{"start":{"line":120,"column":8},"end":{"line":120,"column":70}},"5":{"start":{"line":122,"column":8},"end":{"line":122,"column":37}},"6":{"start":{"line":131,"column":8},"end":{"line":131,"column":71}},"7":{"start":{"line":133,"column":8},"end":{"line":133,"column":47}},"8":{"start":{"line":142,"column":8},"end":{"line":142,"column":80}},"9":{"start":{"line":144,"column":8},"end":{"line":144,"column":65}},"10":{"start":{"line":154,"column":8},"end":{"line":154,"column":71}},"11":{"start":{"line":155,"column":8},"end":{"line":155,"column":94}},"12":{"start":{"line":157,"column":8},"end":{"line":157,"column":67}},"13":{"start":{"line":166,"column":8},"end":{"line":166,"column":76}},"14":{"start":{"line":168,"column":8},"end":{"line":168,"column":41}},"15":{"start":{"line":177,"column":8},"end":{"line":177,"column":71}},"16":{"start":{"line":179,"column":8},"end":{"line":179,"column":43}},"17":{"start":{"line":188,"column":8},"end":{"line":188,"column":63}},"18":{"start":{"line":189,"column":8},"end":{"line":189,"column":82}},"19":{"start":{"line":191,"column":8},"end":{"line":191,"column":48}},"20":{"start":{"line":200,"column":8},"end":{"line":200,"column":76}},"21":{"start":{"line":202,"column":8},"end":{"line":202,"column":50}},"22":{"start":{"line":212,"column":8},"end":{"line":212,"column":48}},"23":{"start":{"line":213,"column":8},"end":{"line":213,"column":67}},"24":{"start":{"line":214,"column":8},"end":{"line":214,"column":71}},"25":{"start":{"line":215,"column":8},"end":{"line":215,"column":69}},"26":{"start":{"line":216,"column":8},"end":{"line":216,"column":86}},"27":{"start":{"line":219,"column":8},"end":{"line":219,"column":82}},"28":{"start":{"line":222,"column":8},"end":{"line":222,"column":41}},"29":{"start":{"line":223,"column":8},"end":{"line":223,"column":59}},"30":{"start":{"line":224,"column":8},"end":{"line":224,"column":64}},"31":{"start":{"line":239,"column":8},"end":{"line":239,"column":43}},"32":{"start":{"line":240,"column":8},"end":{"line":240,"column":45}},"33":{"start":{"line":242,"column":8},"end":{"line":242,"column":78}},"34":{"start":{"line":251,"column":8},"end":{"line":251,"column":49}},"35":{"start":{"line":252,"column":8},"end":{"line":252,"column":63}},"36":{"start":{"line":253,"column":8},"end":{"line":253,"column":74}},"37":{"start":{"line":254,"column":8},"end":{"line":254,"column":77}},"38":{"start":{"line":258,"column":8},"end":{"line":258,"column":50}},"39":{"start":{"line":260,"column":8},"end":{"line":260,"column":10865}},"40":{"start":{"line":261,"column":12},"end":{"line":261,"column":68}},"41":{"start":{"line":262,"column":12},"end":{"line":262,"column":11006}},"42":{"start":{"line":263,"column":16},"end":{"line":263,"column":70}},"43":{"start":{"line":269,"column":8},"end":{"line":269,"column":75}},"44":{"start":{"line":271,"column":8},"end":{"line":271,"column":60}},"45":{"start":{"line":280,"column":8},"end":{"line":280,"column":49}},"46":{"start":{"line":281,"column":8},"end":{"line":281,"column":63}},"47":{"start":{"line":282,"column":8},"end":{"line":282,"column":74}},"48":{"start":{"line":286,"column":8},"end":{"line":286,"column":50}},"49":{"start":{"line":288,"column":8},"end":{"line":288,"column":12021}},"50":{"start":{"line":289,"column":12},"end":{"line":289,"column":77}},"51":{"start":{"line":290,"column":12},"end":{"line":290,"column":12180}},"52":{"start":{"line":291,"column":16},"end":{"line":291,"column":70}},"53":{"start":{"line":297,"column":8},"end":{"line":297,"column":75}},"54":{"start":{"line":299,"column":8},"end":{"line":299,"column":69}},"55":{"start":{"line":308,"column":8},"end":{"line":308,"column":31}},"56":{"start":{"line":317,"column":8},"end":{"line":317,"column":39}},"57":{"start":{"line":327,"column":8},"end":{"line":327,"column":53}},"58":{"start":{"line":328,"column":8},"end":{"line":328,"column":31}},"59":{"start":{"line":330,"column":8},"end":{"line":330,"column":13680}},"60":{"start":{"line":331,"column":12},"end":{"line":331,"column":13743}},"61":{"start":{"line":337,"column":8},"end":{"line":337,"column":66}},"62":{"start":{"line":338,"column":8},"end":{"line":338,"column":25}},"63":{"start":{"line":339,"column":8},"end":{"line":339,"column":14020}},"64":{"start":{"line":340,"column":12},"end":{"line":340,"column":14083}},"65":{"start":{"line":345,"column":8},"end":{"line":345,"column":27}}},"branchMap":{"1":{"line":107,"type":"if","locations":[{"start":{"line":107,"column":48},"end":{"line":107,"column":48}},{"start":{"line":107,"column":48},"end":{"line":107,"column":48}}]},"2":{"line":119,"type":"if","locations":[{"start":{"line":119,"column":55},"end":{"line":119,"column":55}},{"start":{"line":119,"column":55},"end":{"line":119,"column":55}}]},"3":{"line":120,"type":"if","locations":[{"start":{"line":120,"column":8},"end":{"line":120,"column":8}},{"start":{"line":120,"column":8},"end":{"line":120,"column":8}}]},"4":{"line":130,"type":"if","locations":[{"start":{"line":130,"column":65},"end":{"line":130,"column":65}},{"start":{"line":130,"column":65},"end":{"line":130,"column":65}}]},"5":{"line":131,"type":"if","locations":[{"start":{"line":131,"column":8},"end":{"line":131,"column":8}},{"start":{"line":131,"column":8},"end":{"line":131,"column":8}}]},"6":{"line":141,"type":"if","locations":[{"start":{"line":141,"column":83},"end":{"line":141,"column":83}},{"start":{"line":141,"column":83},"end":{"line":141,"column":83}}]},"7":{"line":142,"type":"if","locations":[{"start":{"line":142,"column":8},"end":{"line":142,"column":8}},{"start":{"line":142,"column":8},"end":{"line":142,"column":8}}]},"8":{"line":153,"type":"if","locations":[{"start":{"line":153,"column":93},"end":{"line":153,"column":93}},{"start":{"line":153,"column":93},"end":{"line":153,"column":93}}]},"9":{"line":154,"type":"if","locations":[{"start":{"line":154,"column":8},"end":{"line":154,"column":8}},{"start":{"line":154,"column":8},"end":{"line":154,"column":8}}]},"10":{"line":155,"type":"if","locations":[{"start":{"line":155,"column":8},"end":{"line":155,"column":8}},{"start":{"line":155,"column":8},"end":{"line":155,"column":8}}]},"11":{"line":165,"type":"if","locations":[{"start":{"line":165,"column":57},"end":{"line":165,"column":57}},{"start":{"line":165,"column":57},"end":{"line":165,"column":57}}]},"12":{"line":166,"type":"if","locations":[{"start":{"line":166,"column":8},"end":{"line":166,"column":8}},{"start":{"line":166,"column":8},"end":{"line":166,"column":8}}]},"13":{"line":176,"type":"if","locations":[{"start":{"line":176,"column":59},"end":{"line":176,"column":59}},{"start":{"line":176,"column":59},"end":{"line":176,"column":59}}]},"14":{"line":177,"type":"if","locations":[{"start":{"line":177,"column":8},"end":{"line":177,"column":8}},{"start":{"line":177,"column":8},"end":{"line":177,"column":8}}]},"15":{"line":187,"type":"if","locations":[{"start":{"line":187,"column":64},"end":{"line":187,"column":64}},{"start":{"line":187,"column":64},"end":{"line":187,"column":64}}]},"16":{"line":188,"type":"if","locations":[{"start":{"line":188,"column":8},"end":{"line":188,"column":8}},{"start":{"line":188,"column":8},"end":{"line":188,"column":8}}]},"17":{"line":189,"type":"if","locations":[{"start":{"line":189,"column":8},"end":{"line":189,"column":8}},{"start":{"line":189,"column":8},"end":{"line":189,"column":8}}]},"18":{"line":199,"type":"if","locations":[{"start":{"line":199,"column":67},"end":{"line":199,"column":67}},{"start":{"line":199,"column":67},"end":{"line":199,"column":67}}]},"19":{"line":200,"type":"if","locations":[{"start":{"line":200,"column":8},"end":{"line":200,"column":8}},{"start":{"line":200,"column":8},"end":{"line":200,"column":8}}]},"20":{"line":211,"type":"if","locations":[{"start":{"line":211,"column":87},"end":{"line":211,"column":87}},{"start":{"line":211,"column":87},"end":{"line":211,"column":87}}]},"21":{"line":212,"type":"if","locations":[{"start":{"line":212,"column":8},"end":{"line":212,"column":8}},{"start":{"line":212,"column":8},"end":{"line":212,"column":8}}]},"22":{"line":213,"type":"if","locations":[{"start":{"line":213,"column":8},"end":{"line":213,"column":8}},{"start":{"line":213,"column":8},"end":{"line":213,"column":8}}]},"23":{"line":214,"type":"if","locations":[{"start":{"line":214,"column":8},"end":{"line":214,"column":8}},{"start":{"line":214,"column":8},"end":{"line":214,"column":8}}]},"24":{"line":216,"type":"if","locations":[{"start":{"line":216,"column":8},"end":{"line":216,"column":8}},{"start":{"line":216,"column":8},"end":{"line":216,"column":8}}]},"25":{"line":250,"type":"if","locations":[{"start":{"line":250,"column":47},"end":{"line":250,"column":47}},{"start":{"line":250,"column":47},"end":{"line":250,"column":47}}]},"26":{"line":252,"type":"if","locations":[{"start":{"line":252,"column":8},"end":{"line":252,"column":8}},{"start":{"line":252,"column":8},"end":{"line":252,"column":8}}]},"27":{"line":253,"type":"if","locations":[{"start":{"line":253,"column":8},"end":{"line":253,"column":8}},{"start":{"line":253,"column":8},"end":{"line":253,"column":8}}]},"28":{"line":254,"type":"if","locations":[{"start":{"line":254,"column":8},"end":{"line":254,"column":8}},{"start":{"line":254,"column":8},"end":{"line":254,"column":8}}]},"29":{"line":260,"type":"if","locations":[{"start":{"line":260,"column":8},"end":{"line":260,"column":8}},{"start":{"line":260,"column":8},"end":{"line":260,"column":8}}]},"30":{"line":262,"type":"if","locations":[{"start":{"line":262,"column":12},"end":{"line":262,"column":12}},{"start":{"line":262,"column":12},"end":{"line":262,"column":12}}]},"31":{"line":279,"type":"if","locations":[{"start":{"line":279,"column":56},"end":{"line":279,"column":56}},{"start":{"line":279,"column":56},"end":{"line":279,"column":56}}]},"32":{"line":281,"type":"if","locations":[{"start":{"line":281,"column":8},"end":{"line":281,"column":8}},{"start":{"line":281,"column":8},"end":{"line":281,"column":8}}]},"33":{"line":282,"type":"if","locations":[{"start":{"line":282,"column":8},"end":{"line":282,"column":8}},{"start":{"line":282,"column":8},"end":{"line":282,"column":8}}]},"34":{"line":288,"type":"if","locations":[{"start":{"line":288,"column":8},"end":{"line":288,"column":8}},{"start":{"line":288,"column":8},"end":{"line":288,"column":8}}]},"35":{"line":290,"type":"if","locations":[{"start":{"line":290,"column":12},"end":{"line":290,"column":12}},{"start":{"line":290,"column":12},"end":{"line":290,"column":12}}]},"36":{"line":331,"type":"if","locations":[{"start":{"line":331,"column":12},"end":{"line":331,"column":12}},{"start":{"line":331,"column":12},"end":{"line":331,"column":12}}]},"37":{"line":340,"type":"if","locations":[{"start":{"line":340,"column":12},"end":{"line":340,"column":12}},{"start":{"line":340,"column":12},"end":{"line":340,"column":12}}]}}},
"contracts\\test\\MaliciousReentrancy.sol":{"l":{"18":9,"19":9,"25":4,"26":4,"27":4,"31":2,"32":2,"37":2,"41":1,"42":1,"47":1,"52":0,"53":0,"58":0,"60":0},"path":"E:\\contract\\aimonica-core-evm\\contracts\\test\\MaliciousReentrancy.sol","s":{"1":4,"2":4,"3":2,"4":1,"5":0,"6":0},"b":{"1":[0,0],"2":[0,0]},"f":{"1":9,"2":4,"3":2,"4":1,"5":0},"fnMap":{"1":{"name":"constructor","line":17,"loc":{"start":{"line":17,"column":4},"end":{"line":20,"column":4}}},"2":{"name":"stakeTokens","line":24,"loc":{"start":{"line":24,"column":4},"end":{"line":28,"column":4}}},"3":{"name":"attackUnstake","line":30,"loc":{"start":{"line":30,"column":4},"end":{"line":38,"column":4}}},"4":{"name":"attackEmergencyUnstake","line":40,"loc":{"start":{"line":40,"column":4},"end":{"line":48,"column":4}}},"5":{"name":"_onTokenReceived","line":57,"loc":{"start":{"line":57,"column":4},"end":{"line":66,"column":4}}}},"statementMap":{"1":{"start":{"line":25,"column":8},"end":{"line":25,"column":56}},"2":{"start":{"line":26,"column":8},"end":{"line":26,"column":52}},"3":{"start":{"line":32,"column":8},"end":{"line":32,"column":967}},"4":{"start":{"line":42,"column":8},"end":{"line":42,"column":1236}},"5":{"start":{"line":58,"column":8},"end":{"line":58,"column":1674}},"6":{"start":{"line":60,"column":12},"end":{"line":60,"column":1775}}},"branchMap":{"1":{"line":52,"type":"if","locations":[{"start":{"line":52,"column":8},"end":{"line":52,"column":8}},{"start":{"line":52,"column":8},"end":{"line":52,"column":8}}]},"2":{"line":58,"type":"if","locations":[{"start":{"line":58,"column":8},"end":{"line":58,"column":8}},{"start":{"line":58,"column":8},"end":{"line":58,"column":8}}]}}},
"contracts\\test\\MockERC20.sol":{"l":{"16":219,"23":0,"30":0},"path":"E:\\contract\\aimonica-core-evm\\contracts\\test\\MockERC20.sol","s":{"1":219,"2":0,"3":0},"b":{},"f":{"1":219,"2":0,"3":0},"fnMap":{"1":{"name":"constructor","line":15,"loc":{"start":{"line":11,"column":4},"end":{"line":17,"column":4}}},"2":{"name":"mint","line":22,"loc":{"start":{"line":22,"column":4},"end":{"line":24,"column":4}}},"3":{"name":"burn","line":29,"loc":{"start":{"line":29,"column":4},"end":{"line":31,"column":4}}}},"statementMap":{"1":{"start":{"line":16,"column":8},"end":{"line":16,"column":39}},"2":{"start":{"line":23,"column":8},"end":{"line":23,"column":24}},"3":{"start":{"line":30,"column":8},"end":{"line":30,"column":26}}},"branchMap":{}}}
