TN:
SF:E:\contract\aimonica-core-evm\contracts\pool\AimStaking.sol
FN:107,initialize
FN:119,setFeeWallet
FN:130,setUnstakeFeeRate
FN:141,setEmergencyUnstakeFeeRate
FN:153,setProjectStakingToken
FN:165,registerProject
FN:176,unregisterProject
FN:187,addDurationOption
FN:199,removeDurationOption
FN:211,stake
FN:250,unstake
FN:279,emergencyUnstake
FN:307,getUserStakes
FN:316,getProjectStakes
FN:326,getActiveUserStakes
FNF:15
FNH:15
FNDA:219,initialize
FNDA:11,setFeeWallet
FNDA:25,setUnstakeFeeRate
FNDA:25,setEmergencyUnstakeFeeRate
FNDA:55,setProjectStakingToken
FNDA:64,registerProject
FNDA:2,unregisterProject
FNDA:62,addDurationOption
FNDA:2,removeDurationOption
FNDA:107,stake
FNDA:33,unstake
FNDA:37,emergencyUnstake
FNDA:12,getUserStakes
FNDA:2,getProjectStakes
FNDA:24,getActiveUserStakes
DA:108,219
DA:109,219
DA:110,219
DA:111,219
DA:120,11
DA:121,10
DA:122,10
DA:131,25
DA:132,24
DA:133,24
DA:142,25
DA:143,24
DA:144,24
DA:154,55
DA:155,54
DA:156,53
DA:157,53
DA:166,64
DA:167,63
DA:168,63
DA:177,2
DA:178,1
DA:179,1
DA:188,62
DA:189,61
DA:190,59
DA:191,59
DA:200,2
DA:201,1
DA:202,1
DA:212,107
DA:213,104
DA:214,101
DA:215,98
DA:216,98
DA:219,96
DA:222,96
DA:223,96
DA:224,96
DA:226,96
DA:239,96
DA:240,96
DA:242,96
DA:251,33
DA:252,33
DA:253,29
DA:254,27
DA:256,24
DA:258,24
DA:260,24
DA:261,9
DA:262,9
DA:263,7
DA:265,9
DA:269,24
DA:271,24
DA:280,37
DA:281,37
DA:282,33
DA:284,31
DA:286,31
DA:288,31
DA:289,11
DA:290,11
DA:291,9
DA:293,11
DA:297,31
DA:299,31
DA:308,12
DA:317,2
DA:327,24
DA:328,24
DA:330,24
DA:331,64
DA:332,37
DA:337,24
DA:338,24
DA:339,24
DA:340,64
DA:341,37
DA:342,37
DA:345,24
LF:82
LH:82
BRDA:107,1,0,219
BRDA:107,1,1,1
BRDA:119,2,0,11
BRDA:119,2,1,1
BRDA:120,3,0,10
BRDA:120,3,1,1
BRDA:130,4,0,25
BRDA:130,4,1,1
BRDA:131,5,0,24
BRDA:131,5,1,1
BRDA:141,6,0,25
BRDA:141,6,1,1
BRDA:142,7,0,24
BRDA:142,7,1,1
BRDA:153,8,0,55
BRDA:153,8,1,1
BRDA:154,9,0,54
BRDA:154,9,1,1
BRDA:155,10,0,53
BRDA:155,10,1,1
BRDA:165,11,0,64
BRDA:165,11,1,2
BRDA:166,12,0,63
BRDA:166,12,1,1
BRDA:176,13,0,2
BRDA:176,13,1,1
BRDA:177,14,0,1
BRDA:177,14,1,1
BRDA:187,15,0,62
BRDA:187,15,1,1
BRDA:188,16,0,61
BRDA:188,16,1,1
BRDA:189,17,0,59
BRDA:189,17,1,2
BRDA:199,18,0,2
BRDA:199,18,1,1
BRDA:200,19,0,1
BRDA:200,19,1,1
BRDA:211,20,0,107
BRDA:211,20,1,0
BRDA:212,21,0,104
BRDA:212,21,1,3
BRDA:213,22,0,101
BRDA:213,22,1,3
BRDA:214,23,0,98
BRDA:214,23,1,3
BRDA:216,24,0,96
BRDA:216,24,1,2
BRDA:250,25,0,33
BRDA:250,25,1,0
BRDA:252,26,0,29
BRDA:252,26,1,4
BRDA:253,27,0,27
BRDA:253,27,1,2
BRDA:254,28,0,24
BRDA:254,28,1,3
BRDA:260,29,0,9
BRDA:260,29,1,15
BRDA:262,30,0,7
BRDA:262,30,1,2
BRDA:279,31,0,37
BRDA:279,31,1,0
BRDA:281,32,0,33
BRDA:281,32,1,4
BRDA:282,33,0,31
BRDA:282,33,1,2
BRDA:288,34,0,11
BRDA:288,34,1,20
BRDA:290,35,0,9
BRDA:290,35,1,2
BRDA:331,36,0,37
BRDA:331,36,1,27
BRDA:340,37,0,37
BRDA:340,37,1,27
BRF:74
BRH:71
end_of_record
TN:
SF:E:\contract\aimonica-core-evm\contracts\test\MaliciousReentrancy.sol
FN:17,constructor
FN:24,stakeTokens
FN:30,attackUnstake
FN:40,attackEmergencyUnstake
FN:57,_onTokenReceived
FNF:5
FNH:4
FNDA:9,constructor
FNDA:4,stakeTokens
FNDA:2,attackUnstake
FNDA:1,attackEmergencyUnstake
FNDA:0,_onTokenReceived
DA:18,9
DA:19,9
DA:25,4
DA:26,4
DA:27,4
DA:31,2
DA:32,2
DA:37,2
DA:41,1
DA:42,1
DA:47,1
DA:52,0
DA:53,0
DA:58,0
DA:60,0
LF:15
LH:11
BRDA:52,1,0,0
BRDA:52,1,1,0
BRDA:58,2,0,0
BRDA:58,2,1,0
BRF:4
BRH:0
end_of_record
TN:
SF:E:\contract\aimonica-core-evm\contracts\test\MockERC20.sol
FN:15,constructor
FN:22,mint
FN:29,burn
FNF:3
FNH:1
FNDA:219,constructor
FNDA:0,mint
FNDA:0,burn
DA:16,219
DA:23,0
DA:30,0
LF:3
LH:1
BRF:0
BRH:0
end_of_record
